生成启动时间为 2015/2/2 20:20:59。
     1>项目“D:\Documents\Visual Studio 2013\Projects\BiteProc_new\Arithmetic\FANN\FANN\fannfixed\fannfixed.vcxproj”在节点 2 上(Build 个目标)。
     1>C:\Program Files (x86)\MSBuild\Microsoft.Cpp\v4.0\V120\Microsoft.CppBuild.targets(357,5): warning MSB8004: Output Directory does not end with a trailing slash.  This build instance will add the slash as it is required to allow proper evaluation of the Output Directory.
     1>ClCompile:
         D:\Program Files\VC\bin\CL.exe /c /I..\..\src\include /ZI /nologo /W3 /WX- /Od /Oy- /D _CRT_SECURE_NO_WARNINGS /D _USRDLL /D FANN_DLL_EXPORTS /D WIN32 /D _WINDOWS /D _DEBUG /D _WINDLL /D _UNICODE /D UNICODE /Gm /EHsc /RTC1 /MDd /GS /fp:precise /Zc:wchar_t /Zc:forScope /Fo"Debug\\" /Fd"Debug\vc120.pdb" /Gd /TC /FI..\..\src\include\fixedfann.h /analyze- /errorReport:prompt ..\..\src\fann.c ..\..\src\fann_cascade.c ..\..\src\fann_error.c ..\..\src\fann_io.c ..\..\src\fann_train.c ..\..\src\fann_train_data.c
         fann_train_data.c
         fann_train.c
         fann_io.c
         fann_error.c
         fann_cascade.c
         fann.c
         正在生成代码...
       Link:
         D:\Program Files\VC\bin\link.exe /ERRORREPORT:PROMPT /OUT:"..\..\..\..\Debug\fannfixedd.dll" /INCREMENTAL /NOLOGO kernel32.lib user32.lib gdi32.lib winspool.lib comdlg32.lib advapi32.lib shell32.lib ole32.lib oleaut32.lib uuid.lib odbc32.lib odbccp32.lib /MANIFEST /MANIFESTUAC:"level='asInvoker' uiAccess='false'" /manifest:embed /DEBUG /PDB:"..\..\..\..\Debug\fannfixedd.pdb" /SUBSYSTEM:WINDOWS /TLBID:1 /DYNAMICBASE /NXCOMPAT /IMPLIB:"..\..\..\..\Debug\fannfixedd.lib" /MACHINE:X86 /DLL Debug\fann.obj
         Debug\fann_cascade.obj
         Debug\fann_error.obj
         Debug\fann_io.obj
         Debug\fann_train.obj
         Debug\fann_train_data.obj
            正在创建库 ..\..\..\..\Debug\fannfixedd.lib 和对象 ..\..\..\..\Debug\fannfixedd.exp
         fannfixed.vcxproj -> D:\Documents\Visual Studio 2013\Projects\BiteProc_new\Arithmetic\FANN\FANN\fannfixed\..\..\..\..\Debug\fannfixedd.dll
     1>已完成生成项目“D:\Documents\Visual Studio 2013\Projects\BiteProc_new\Arithmetic\FANN\FANN\fannfixed\fannfixed.vcxproj”(Build 个目标)的操作。

生成成功。

已用时间 00:00:08.40
